c:\users\visca\desktop\1stassg_3140149_3140246wbluand params\project1\project1\debug\vc141.pdb
c:\users\visca\desktop\1stassg_3140149_3140246wbluand params\project1\project1\debug\vc141.idb
c:\users\visca\desktop\1stassg_3140149_3140246wbluand params\project1\project1\debug\filterblur.obj
c:\users\visca\desktop\1stassg_3140149_3140246wbluand params\project1\project1\debug\filtergamma.obj
c:\users\visca\desktop\1stassg_3140149_3140246wbluand params\project1\project1\debug\filterlinear.obj
c:\users\visca\desktop\1stassg_3140149_3140246wbluand params\project1\project1\debug\image.obj
c:\users\visca\desktop\1stassg_3140149_3140246wbluand params\project1\project1\debug\main.obj
c:\users\visca\desktop\1stassg_3140149_3140246wbluand params\project1\project1\debug\filterlaplace.obj
c:\users\visca\desktop\1stassg_3140149_3140246wbluand params\project1\debug\filterd.exe
c:\users\visca\desktop\1stassg_3140149_3140246wbluand params\project1\debug\filterd.ilk
c:\users\visca\desktop\1stassg_3140149_3140246wbluand params\project1\debug\filterd.pdb
c:\users\visca\desktop\1stassg_3140149_3140246wbluand params\project1\project1\debug\array.obj
c:\users\visca\desktop\1stassg_3140149_3140246wbluand params\project1\project1\debug\filter.obj
c:\users\visca\desktop\1stassg_3140149_3140246wbluand params\project1\project1\debug\main.obj.enc
c:\users\visca\desktop\1stassg_3140149_3140246wbluand params\project1\project1\debug\project1.tlog\cl.command.1.tlog
c:\users\visca\desktop\1stassg_3140149_3140246wbluand params\project1\project1\debug\project1.tlog\cl.read.1.tlog
c:\users\visca\desktop\1stassg_3140149_3140246wbluand params\project1\project1\debug\project1.tlog\cl.write.1.tlog
c:\users\visca\desktop\1stassg_3140149_3140246wbluand params\project1\project1\debug\project1.tlog\link.command.1.tlog
c:\users\visca\desktop\1stassg_3140149_3140246wbluand params\project1\project1\debug\project1.tlog\link.read.1.tlog
c:\users\visca\desktop\1stassg_3140149_3140246wbluand params\project1\project1\debug\project1.tlog\link.write.1.tlog
